Build started 6/14/2016 1:59:18 AM.
     1>Project "C:\Programming\Practice\ticTacToe\ticTacToe\ticTacToe.vcxproj" on node 2 (Rebuild target(s)).
     1>ClCompile:
         C:\Program Files (x86)\Microsoft Visual Studio 12.0\VC\bin\CL.exe /c /ZI /nologo /W3 /WX- /sdl /Od /Oy- /D WIN32 /D _DEBUG /D _CONSOLE /D _LIB /D _UNICODE /D UNICODE /Gm /EHsc /RTC1 /MDd /GS /fp:precise /Zc:wchar_t /Zc:forScope /Yc"stdafx.h" /Fp"Debug\ticTacToe.pch" /Fo"Debug\\" /Fd"Debug\vc120.pdb" /Gd /TP /analyze- /errorReport:prompt stdafx.cpp
         stdafx.cpp
         C:\Program Files (x86)\Microsoft Visual Studio 12.0\VC\bin\CL.exe /c /ZI /nologo /W3 /WX- /sdl /Od /Oy- /D WIN32 /D _DEBUG /D _CONSOLE /D _LIB /D _UNICODE /D UNICODE /Gm /EHsc /RTC1 /MDd /GS /fp:precise /Zc:wchar_t /Zc:forScope /Yu"stdafx.h" /Fp"Debug\ticTacToe.pch" /Fo"Debug\\" /Fd"Debug\vc120.pdb" /Gd /TP /analyze- /errorReport:prompt ai.cpp board.cpp main.cpp ticTacToe.cpp
         ticTacToe.cpp
         main.cpp
         board.cpp
     1>c:\programming\practice\tictactoe\tictactoe\board.cpp(83): warning C4018: '<' : signed/unsigned mismatch
     1>c:\programming\practice\tictactoe\tictactoe\board.cpp(285): warning C4018: '<' : signed/unsigned mismatch
         ai.cpp
     1>c:\programming\practice\tictactoe\tictactoe\ai.cpp(81): warning C4018: '<' : signed/unsigned mismatch
     1>c:\programming\practice\tictactoe\tictactoe\ai.cpp(94): warning C4018: '<' : signed/unsigned mismatch
     1>c:\programming\practice\tictactoe\tictactoe\ai.cpp(110): warning C4244: 'argument' : conversion from 'time_t' to 'unsigned int', possible loss of data
         Generating Code...
       Link:
         C:\Program Files (x86)\Microsoft Visual Studio 12.0\VC\bin\link.exe /ERRORREPORT:PROMPT /OUT:"C:\Programming\Practice\ticTacToe\Debug\ticTacToe.exe" /INCREMENTAL /NOLOGO kernel32.lib user32.lib gdi32.lib winspool.lib comdlg32.lib advapi32.lib shell32.lib ole32.lib oleaut32.lib uuid.lib odbc32.lib odbccp32.lib /MANIFEST /MANIFESTUAC:"level='asInvoker' uiAccess='false'" /manifest:embed /DEBUG /PDB:"C:\Programming\Practice\ticTacToe\Debug\ticTacToe.pdb" /SUBSYSTEM:CONSOLE /TLBID:1 /DYNAMICBASE /NXCOMPAT /IMPLIB:"C:\Programming\Practice\ticTacToe\Debug\ticTacToe.lib" /MACHINE:X86 Debug\ai.obj
         Debug\board.obj
         Debug\stdafx.obj
         Debug\main.obj
         Debug\ticTacToe.obj
         ticTacToe.vcxproj -> C:\Programming\Practice\ticTacToe\Debug\ticTacToe.exe
     1>Done Building Project "C:\Programming\Practice\ticTacToe\ticTacToe\ticTacToe.vcxproj" (Rebuild target(s)).

Build succeeded.

Time Elapsed 00:00:01.29
